<?xml version="1.0" encoding="UTF-8"?>
<coverage generated="1590276103654" clover="3.2.0">
  <project timestamp="1590276103654" name="All files">
    <metrics statements="89" coveredstatements="89" conditionals="54" coveredconditionals="54" methods="30" coveredmethods="30" elements="173" coveredelements="173" complexity="0" loc="89" ncloc="89" packages="3" files="3" classes="3"/>
    <package name="components.mt-connect">
      <metrics statements="77" coveredstatements="77" conditionals="48" coveredconditionals="48" methods="23" coveredmethods="23"/>
      <file name="mt-connect.tsx" path="C:\react\stencil-connect-4\src\components\mt-connect\mt-connect.tsx">
        <metrics statements="77" coveredstatements="77" conditionals="48" coveredconditionals="48" methods="23" coveredmethods="23"/>
        <line num="1" count="1" type="stmt"/>
        <line num="2" count="1" type="stmt"/>
        <line num="3" count="1" type="stmt"/>
        <line num="6" count="1" type="stmt"/>
        <line num="12" count="5" type="stmt"/>
        <line num="13" count="5" type="stmt"/>
        <line num="15" count="5" type="stmt"/>
        <line num="17" count="5" type="stmt"/>
        <line num="18" count="5" type="stmt"/>
        <line num="19" count="5" type="stmt"/>
        <line num="21" count="5" type="stmt"/>
        <line num="24" count="5" type="stmt"/>
        <line num="25" count="5" type="stmt"/>
        <line num="26" count="5" type="stmt"/>
        <line num="30" count="38" type="stmt"/>
        <line num="33" count="5" type="stmt"/>
        <line num="34" count="6" type="stmt"/>
        <line num="35" count="6" type="stmt"/>
        <line num="36" count="42" type="stmt"/>
        <line num="38" count="6" type="stmt"/>
        <line num="42" count="32" type="stmt"/>
        <line num="43" count="32" type="cond" truecount="4" falsecount="0"/>
        <line num="44" count="29" type="stmt"/>
        <line num="45" count="29" type="stmt"/>
        <line num="49" count="29" type="stmt"/>
        <line num="50" count="29" type="stmt"/>
        <line num="59" count="29" type="stmt"/>
        <line num="60" count="29" type="stmt"/>
        <line num="61" count="132" type="cond" truecount="4" falsecount="0"/>
        <line num="62" count="29" type="stmt"/>
        <line num="64" count="103" type="stmt"/>
        <line num="68" count="30" type="stmt"/>
        <line num="70" count="29" type="cond" truecount="2" falsecount="0"/>
        <line num="72" count="1596" type="cond" truecount="2" falsecount="0"/>
        <line num="74" count="5" type="stmt"/>
        <line num="75" count="1584" type="cond" truecount="3" falsecount="0"/>
        <line num="79" count="1596" type="cond" truecount="2" falsecount="0"/>
        <line num="80" count="486" type="cond" truecount="2" falsecount="0"/>
        <line num="83" count="38" type="stmt"/>
        <line num="84" count="38" type="stmt"/>
        <line num="85" count="228" type="stmt"/>
        <line num="86" count="1596" type="stmt"/>
        <line num="95" count="38" type="stmt"/>
        <line num="98" count="5" type="stmt"/>
        <line num="107" count="38" type="cond" truecount="2" falsecount="0"/>
        <line num="120" count="5" type="stmt"/>
        <line num="121" count="38" type="stmt"/>
        <line num="122" count="266" type="stmt"/>
        <line num="123" count="1596" type="stmt"/>
        <line num="129" count="1596" type="cond" truecount="4" falsecount="0"/>
        <line num="130" count="107" type="cond" truecount="2" falsecount="0"/>
        <line num="131" count="82" type="stmt"/>
        <line num="133" count="107" type="cond" truecount="4" falsecount="0"/>
        <line num="134" count="73" type="stmt"/>
        <line num="136" count="107" type="cond" truecount="2" falsecount="0"/>
        <line num="137" count="98" type="stmt"/>
        <line num="139" count="107" type="cond" truecount="4" falsecount="0"/>
        <line num="140" count="25" type="stmt"/>
        <line num="153" count="330" type="cond" truecount="2" falsecount="0"/>
        <line num="154" count="278" type="stmt"/>
        <line num="156" count="330" type="stmt"/>
        <line num="157" count="330" type="cond" truecount="4" falsecount="0"/>
        <line num="158" count="55" type="stmt"/>
        <line num="159" count="55" type="stmt"/>
        <line num="160" count="55" type="cond" truecount="2" falsecount="0"/>
        <line num="162" count="3" type="stmt"/>
        <line num="166" count="3" type="stmt"/>
        <line num="167" count="3" type="stmt"/>
        <line num="169" count="52" type="stmt"/>
        <line num="178" count="275" type="stmt"/>
        <line num="181" count="5" type="stmt"/>
        <line num="182" count="330" type="stmt"/>
        <line num="184" count="9" type="stmt"/>
        <line num="185" count="9" type="stmt"/>
        <line num="186" count="15" type="stmt"/>
        <line num="188" count="9" type="cond" truecount="2" falsecount="0"/>
        <line num="191" count="38" type="stmt"/>
      </file>
    </package>
    <package name="components.mt-connect.mt-connect-slot">
      <metrics statements="9" coveredstatements="9" conditionals="4" coveredconditionals="4" methods="6" coveredmethods="6"/>
      <file name="mt-connect-slot.tsx" path="C:\react\stencil-connect-4\src\components\mt-connect\mt-connect-slot\mt-connect-slot.tsx">
        <metrics statements="9" coveredstatements="9" conditionals="4" coveredconditionals="4" methods="6" coveredmethods="6"/>
        <line num="1" count="1" type="stmt"/>
        <line num="4" count="1" type="stmt"/>
        <line num="10" count="4" type="stmt"/>
        <line num="15" count="4" type="stmt"/>
        <line num="21" count="4" type="stmt"/>
        <line num="23" count="7" type="cond" truecount="2" falsecount="0"/>
        <line num="25" count="7" type="cond" truecount="2" falsecount="0"/>
        <line num="27" count="7" type="stmt"/>
        <line num="30" count="7" type="stmt"/>
      </file>
    </package>
    <package name="helpers">
      <metrics statements="3" coveredstatements="3" conditionals="2" coveredconditionals="2" methods="1" coveredmethods="1"/>
      <file name="model.ts" path="C:\react\stencil-connect-4\src\helpers\model.ts">
        <metrics statements="3" coveredstatements="3" conditionals="2" coveredconditionals="2" methods="1" coveredmethods="1"/>
        <line num="1" count="2" type="cond" truecount="2" falsecount="0"/>
        <line num="2" count="2" type="stmt"/>
        <line num="3" count="2" type="stmt"/>
      </file>
    </package>
  </project>
</coverage>
