{"C:\\react\\stencil-connect-4\\src\\components\\mt-connect\\mt-connect.tsx": {"path":"C:\\react\\stencil-connect-4\\src\\components\\mt-connect\\mt-connect.tsx","statementMap":{"0":{"start":{"line":1,"column":0},"end":{"line":1,"column":64}},"1":{"start":{"line":2,"column":0},"end":{"line":2,"column":75}},"2":{"start":{"line":3,"column":0},"end":{"line":3,"column":26}},"3":{"start":{"line":12,"column":10},"end":{"line":12,"column":19}},"4":{"start":{"line":13,"column":10},"end":{"line":13,"column":19}},"5":{"start":{"line":15,"column":11},"end":{"line":15,"column":33}},"6":{"start":{"line":17,"column":11},"end":{"line":17,"column":40}},"7":{"start":{"line":18,"column":11},"end":{"line":18,"column":54}},"8":{"start":{"line":19,"column":11},"end":{"line":19,"column":49}},"9":{"start":{"line":21,"column":10},"end":{"line":21,"column":30}},"10":{"start":{"line":33,"column":2},"end":{"line":39,"column":null}},"11":{"start":{"line":34,"column":22},"end":{"line":34,"column":57}},"12":{"start":{"line":35,"column":4},"end":{"line":37,"column":null}},"13":{"start":{"line":35,"column":17},"end":{"line":35,"column":18}},"14":{"start":{"line":36,"column":6},"end":{"line":36,"column":57}},"15":{"start":{"line":38,"column":4},"end":{"line":38,"column":21}},"16":{"start":{"line":68,"column":2},"end":{"line":68,"column":58}},"17":{"start":{"line":68,"column":38},"end":{"line":68,"column":57}},"18":{"start":{"line":70,"column":2},"end":{"line":70,"column":null}},"19":{"start":{"line":70,"column":22},"end":{"line":70,"column":67}},"20":{"start":{"line":72,"column":2},"end":{"line":72,"column":109}},"21":{"start":{"line":72,"column":38},"end":{"line":72,"column":108}},"22":{"start":{"line":74,"column":2},"end":{"line":77,"column":33}},"23":{"start":{"line":75,"column":4},"end":{"line":77,"column":32}},"24":{"start":{"line":79,"column":2},"end":{"line":80,"column":88}},"25":{"start":{"line":79,"column":38},"end":{"line":80,"column":87}},"26":{"start":{"line":80,"column":42},"end":{"line":80,"column":86}},"27":{"start":{"line":98,"column":2},"end":{"line":104,"column":null}},"28":{"start":{"line":98,"column":16},"end":{"line":104,"column":4}},"29":{"start":{"line":120,"column":2},"end":{"line":126,"column":null}},"30":{"start":{"line":121,"column":4},"end":{"line":125,"column":null}},"31":{"start":{"line":121,"column":19},"end":{"line":121,"column":20}},"32":{"start":{"line":122,"column":6},"end":{"line":124,"column":null}},"33":{"start":{"line":122,"column":21},"end":{"line":122,"column":30}},"34":{"start":{"line":123,"column":8},"end":{"line":123,"column":46}},"35":{"start":{"line":181,"column":2},"end":{"line":182,"column":null}},"36":{"start":{"line":182,"column":4},"end":{"line":182,"column":71}},"37":{"start":{"line":184,"column":2},"end":{"line":184,"column":61}},"38":{"start":{"line":184,"column":36},"end":{"line":184,"column":59}},"39":{"start":{"line":185,"column":2},"end":{"line":185,"column":83}},"40":{"start":{"line":185,"column":37},"end":{"line":185,"column":81}},"41":{"start":{"line":186,"column":2},"end":{"line":186,"column":59}},"42":{"start":{"line":186,"column":34},"end":{"line":186,"column":57}},"43":{"start":{"line":188,"column":2},"end":{"line":188,"column":82}},"44":{"start":{"line":188,"column":44},"end":{"line":188,"column":80}},"45":{"start":{"line":24,"column":4},"end":{"line":24,"column":43}},"46":{"start":{"line":25,"column":4},"end":{"line":25,"column":45}},"47":{"start":{"line":26,"column":4},"end":{"line":26,"column":39}},"48":{"start":{"line":30,"column":4},"end":{"line":30,"column":26}},"49":{"start":{"line":42,"column":16},"end":{"line":42,"column":24}},"50":{"start":{"line":43,"column":4},"end":{"line":55,"column":null}},"51":{"start":{"line":44,"column":24},"end":{"line":44,"column":62}},"52":{"start":{"line":45,"column":43},"end":{"line":48,"column":8}},"53":{"start":{"line":49,"column":6},"end":{"line":49,"column":62}},"54":{"start":{"line":50,"column":6},"end":{"line":54,"column":9}},"55":{"start":{"line":59,"column":14},"end":{"line":59,"column":15}},"56":{"start":{"line":60,"column":4},"end":{"line":65,"column":6}},"57":{"start":{"line":61,"column":6},"end":{"line":63,"column":null}},"58":{"start":{"line":62,"column":8},"end":{"line":62,"column":19}},"59":{"start":{"line":64,"column":6},"end":{"line":64,"column":12}},"60":{"start":{"line":83,"column":18},"end":{"line":83,"column":20}},"61":{"start":{"line":84,"column":4},"end":{"line":94,"column":null}},"62":{"start":{"line":84,"column":19},"end":{"line":84,"column":20}},"63":{"start":{"line":85,"column":6},"end":{"line":93,"column":null}},"64":{"start":{"line":85,"column":21},"end":{"line":85,"column":22}},"65":{"start":{"line":86,"column":8},"end":{"line":92,"column":10}},"66":{"start":{"line":95,"column":4},"end":{"line":95,"column":17}},"67":{"start":{"line":107,"column":4},"end":{"line":117,"column":8}},"68":{"start":{"line":129,"column":4},"end":{"line":142,"column":null}},"69":{"start":{"line":130,"column":6},"end":{"line":132,"column":null}},"70":{"start":{"line":131,"column":8},"end":{"line":131,"column":47}},"71":{"start":{"line":133,"column":6},"end":{"line":135,"column":null}},"72":{"start":{"line":134,"column":8},"end":{"line":134,"column":48}},"73":{"start":{"line":136,"column":6},"end":{"line":138,"column":null}},"74":{"start":{"line":137,"column":8},"end":{"line":137,"column":48}},"75":{"start":{"line":139,"column":6},"end":{"line":141,"column":null}},"76":{"start":{"line":140,"column":8},"end":{"line":140,"column":49}},"77":{"start":{"line":153,"column":4},"end":{"line":155,"column":null}},"78":{"start":{"line":154,"column":6},"end":{"line":154,"column":37}},"79":{"start":{"line":156,"column":23},"end":{"line":156,"column":43}},"80":{"start":{"line":157,"column":4},"end":{"line":177,"column":null}},"81":{"start":{"line":158,"column":6},"end":{"line":158,"column":69}},"82":{"start":{"line":159,"column":24},"end":{"line":159,"column":33}},"83":{"start":{"line":160,"column":6},"end":{"line":176,"column":null}},"84":{"start":{"line":162,"column":8},"end":{"line":165,"column":null}},"85":{"start":{"line":166,"column":8},"end":{"line":166,"column":33}},"86":{"start":{"line":167,"column":8},"end":{"line":167,"column":26}},"87":{"start":{"line":169,"column":8},"end":{"line":175,"column":23}},"88":{"start":{"line":178,"column":4},"end":{"line":178,"column":null}},"89":{"start":{"line":191,"column":4},"end":{"line":199,"column":6}},"90":{"start":{"line":6,"column":0},"end":{"line":6,"column":null}}},"fnMap":{"0":{"name":"(anonymous_1)","decl":{"start":{"line":23,"column":2},"end":{"line":23,"column":null}},"loc":{"start":{"line":23,"column":2},"end":{"line":27,"column":null}}},"1":{"name":"(anonymous_2)","decl":{"start":{"line":33,"column":23},"end":{"line":33,"column":26}},"loc":{"start":{"line":33,"column":28},"end":{"line":39,"column":3}}},"2":{"name":"(anonymous_3)","decl":{"start":{"line":68,"column":21},"end":{"line":68,"column":22}},"loc":{"start":{"line":68,"column":38},"end":{"line":68,"column":57}}},"3":{"name":"(anonymous_4)","decl":{"start":{"line":70,"column":16},"end":{"line":70,"column":19}},"loc":{"start":{"line":70,"column":22},"end":{"line":70,"column":67}}},"4":{"name":"(anonymous_5)","decl":{"start":{"line":72,"column":24},"end":{"line":72,"column":25}},"loc":{"start":{"line":72,"column":38},"end":{"line":72,"column":108}}},"5":{"name":"(anonymous_6)","decl":{"start":{"line":74,"column":22},"end":{"line":74,"column":23}},"loc":{"start":{"line":75,"column":4},"end":{"line":77,"column":32}}},"6":{"name":"(anonymous_7)","decl":{"start":{"line":79,"column":24},"end":{"line":79,"column":25}},"loc":{"start":{"line":79,"column":38},"end":{"line":80,"column":87}}},"7":{"name":"(anonymous_8)","decl":{"start":{"line":80,"column":30},"end":{"line":80,"column":38}},"loc":{"start":{"line":80,"column":42},"end":{"line":80,"column":86}}},"8":{"name":"(anonymous_9)","decl":{"start":{"line":98,"column":10},"end":{"line":98,"column":13}},"loc":{"start":{"line":98,"column":16},"end":{"line":104,"column":4}}},"9":{"name":"(anonymous_10)","decl":{"start":{"line":120,"column":19},"end":{"line":120,"column":22}},"loc":{"start":{"line":120,"column":24},"end":{"line":126,"column":3}}},"10":{"name":"(anonymous_11)","decl":{"start":{"line":181,"column":21},"end":{"line":181,"column":22}},"loc":{"start":{"line":182,"column":4},"end":{"line":182,"column":71}}},"11":{"name":"(anonymous_12)","decl":{"start":{"line":184,"column":27},"end":{"line":184,"column":28}},"loc":{"start":{"line":184,"column":36},"end":{"line":184,"column":59}}},"12":{"name":"(anonymous_13)","decl":{"start":{"line":185,"column":28},"end":{"line":185,"column":29}},"loc":{"start":{"line":185,"column":37},"end":{"line":185,"column":81}}},"13":{"name":"(anonymous_14)","decl":{"start":{"line":186,"column":25},"end":{"line":186,"column":26}},"loc":{"start":{"line":186,"column":34},"end":{"line":186,"column":57}}},"14":{"name":"(anonymous_15)","decl":{"start":{"line":188,"column":23},"end":{"line":188,"column":24}},"loc":{"start":{"line":188,"column":44},"end":{"line":188,"column":80}}},"15":{"name":"(anonymous_16)","decl":{"start":{"line":29,"column":2},"end":{"line":29,"column":20}},"loc":{"start":{"line":29,"column":20},"end":{"line":31,"column":3}}},"16":{"name":"(anonymous_17)","decl":{"start":{"line":41,"column":2},"end":{"line":41,"column":10}},"loc":{"start":{"line":41,"column":33},"end":{"line":56,"column":3}}},"17":{"name":"(anonymous_18)","decl":{"start":{"line":58,"column":2},"end":{"line":58,"column":25}},"loc":{"start":{"line":58,"column":29},"end":{"line":66,"column":3}}},"18":{"name":"(anonymous_19)","decl":{"start":{"line":82,"column":2},"end":{"line":82,"column":18}},"loc":{"start":{"line":82,"column":18},"end":{"line":96,"column":3}}},"19":{"name":"(anonymous_20)","decl":{"start":{"line":106,"column":2},"end":{"line":106,"column":14}},"loc":{"start":{"line":106,"column":14},"end":{"line":118,"column":3}}},"20":{"name":"(anonymous_21)","decl":{"start":{"line":128,"column":2},"end":{"line":128,"column":24}},"loc":{"start":{"line":128,"column":33},"end":{"line":143,"column":3}}},"21":{"name":"(anonymous_22)","decl":{"start":{"line":145,"column":2},"end":{"line":145,"column":16}},"loc":{"start":{"line":152,"column":39},"end":{"line":179,"column":3}}},"22":{"name":"(anonymous_23)","decl":{"start":{"line":190,"column":2},"end":{"line":190,"column":8}},"loc":{"start":{"line":190,"column":8},"end":{"line":200,"column":3}}}},"branchMap":{"0":{"loc":{"start":{"line":70,"column":47},"end":{"line":70,"column":56}},"type":"cond-expr","locations":[{"start":{"line":70,"column":47},"end":{"line":70,"column":56}},{"start":{"line":70,"column":59},"end":{"line":70,"column":67}}]},"1":{"loc":{"start":{"line":72,"column":38},"end":{"line":72,"column":72}},"type":"binary-expr","locations":[{"start":{"line":72,"column":38},"end":{"line":72,"column":72}},{"start":{"line":72,"column":76},"end":{"line":72,"column":108}}]},"2":{"loc":{"start":{"line":75,"column":4},"end":{"line":75,"column":20}},"type":"binary-expr","locations":[{"start":{"line":75,"column":4},"end":{"line":75,"column":20}},{"start":{"line":76,"column":4},"end":{"line":76,"column":32}},{"start":{"line":77,"column":4},"end":{"line":77,"column":32}}]},"3":{"loc":{"start":{"line":79,"column":38},"end":{"line":79,"column":49}},"type":"binary-expr","locations":[{"start":{"line":79,"column":38},"end":{"line":79,"column":49}},{"start":{"line":80,"column":4},"end":{"line":80,"column":87}}]},"4":{"loc":{"start":{"line":80,"column":42},"end":{"line":80,"column":62}},"type":"binary-expr","locations":[{"start":{"line":80,"column":42},"end":{"line":80,"column":62}},{"start":{"line":80,"column":66},"end":{"line":80,"column":86}}]},"5":{"loc":{"start":{"line":188,"column":69},"end":{"line":188,"column":73}},"type":"cond-expr","locations":[{"start":{"line":188,"column":69},"end":{"line":188,"column":73}},{"start":{"line":188,"column":76},"end":{"line":188,"column":80}}]},"6":{"loc":{"start":{"line":43,"column":4},"end":{"line":55,"column":null}},"type":"if","locations":[{"start":{"line":43,"column":4},"end":{"line":55,"column":null}},{"start":{"line":43,"column":4},"end":{"line":55,"column":null}}]},"7":{"loc":{"start":{"line":43,"column":8},"end":{"line":43,"column":20}},"type":"binary-expr","locations":[{"start":{"line":43,"column":8},"end":{"line":43,"column":20}},{"start":{"line":43,"column":24},"end":{"line":43,"column":50}}]},"8":{"loc":{"start":{"line":61,"column":6},"end":{"line":63,"column":null}},"type":"if","locations":[{"start":{"line":61,"column":6},"end":{"line":63,"column":null}},{"start":{"line":61,"column":6},"end":{"line":63,"column":null}}]},"9":{"loc":{"start":{"line":61,"column":10},"end":{"line":61,"column":43}},"type":"binary-expr","locations":[{"start":{"line":61,"column":10},"end":{"line":61,"column":43}},{"start":{"line":61,"column":47},"end":{"line":61,"column":64}}]},"10":{"loc":{"start":{"line":107,"column":26},"end":{"line":107,"column":30}},"type":"cond-expr","locations":[{"start":{"line":107,"column":26},"end":{"line":107,"column":30}},{"start":{"line":108,"column":6},"end":{"line":117,"column":8}}]},"11":{"loc":{"start":{"line":129,"column":4},"end":{"line":142,"column":null}},"type":"if","locations":[{"start":{"line":129,"column":4},"end":{"line":142,"column":null}},{"start":{"line":129,"column":4},"end":{"line":142,"column":null}}]},"12":{"loc":{"start":{"line":129,"column":8},"end":{"line":129,"column":30}},"type":"binary-expr","locations":[{"start":{"line":129,"column":8},"end":{"line":129,"column":30}},{"start":{"line":129,"column":34},"end":{"line":129,"column":46}}]},"13":{"loc":{"start":{"line":130,"column":6},"end":{"line":132,"column":null}},"type":"if","locations":[{"start":{"line":130,"column":6},"end":{"line":132,"column":null}},{"start":{"line":130,"column":6},"end":{"line":132,"column":null}}]},"14":{"loc":{"start":{"line":133,"column":6},"end":{"line":135,"column":null}},"type":"if","locations":[{"start":{"line":133,"column":6},"end":{"line":135,"column":null}},{"start":{"line":133,"column":6},"end":{"line":135,"column":null}}]},"15":{"loc":{"start":{"line":133,"column":10},"end":{"line":133,"column":37}},"type":"binary-expr","locations":[{"start":{"line":133,"column":10},"end":{"line":133,"column":37}},{"start":{"line":133,"column":41},"end":{"line":133,"column":65}}]},"16":{"loc":{"start":{"line":136,"column":6},"end":{"line":138,"column":null}},"type":"if","locations":[{"start":{"line":136,"column":6},"end":{"line":138,"column":null}},{"start":{"line":136,"column":6},"end":{"line":138,"column":null}}]},"17":{"loc":{"start":{"line":139,"column":6},"end":{"line":141,"column":null}},"type":"if","locations":[{"start":{"line":139,"column":6},"end":{"line":141,"column":null}},{"start":{"line":139,"column":6},"end":{"line":141,"column":null}}]},"18":{"loc":{"start":{"line":139,"column":10},"end":{"line":139,"column":36}},"type":"binary-expr","locations":[{"start":{"line":139,"column":10},"end":{"line":139,"column":36}},{"start":{"line":139,"column":40},"end":{"line":139,"column":64}}]},"19":{"loc":{"start":{"line":152,"column":37},"end":{"line":152,"column":39}},"type":"default-arg","locations":[{"start":{"line":152,"column":37},"end":{"line":152,"column":39}}]},"20":{"loc":{"start":{"line":153,"column":4},"end":{"line":155,"column":null}},"type":"if","locations":[{"start":{"line":153,"column":4},"end":{"line":155,"column":null}},{"start":{"line":153,"column":4},"end":{"line":155,"column":null}}]},"21":{"loc":{"start":{"line":157,"column":4},"end":{"line":177,"column":null}},"type":"if","locations":[{"start":{"line":157,"column":4},"end":{"line":177,"column":null}},{"start":{"line":157,"column":4},"end":{"line":177,"column":null}}]},"22":{"loc":{"start":{"line":157,"column":8},"end":{"line":157,"column":20}},"type":"binary-expr","locations":[{"start":{"line":157,"column":8},"end":{"line":157,"column":20}},{"start":{"line":157,"column":24},"end":{"line":157,"column":75}}]},"23":{"loc":{"start":{"line":160,"column":6},"end":{"line":176,"column":null}},"type":"if","locations":[{"start":{"line":160,"column":6},"end":{"line":176,"column":null}},{"start":{"line":160,"column":6},"end":{"line":176,"column":null}}]}},"s":{"0":1,"1":1,"2":1,"3":5,"4":5,"5":5,"6":5,"7":5,"8":5,"9":5,"10":5,"11":6,"12":6,"13":6,"14":42,"15":6,"16":5,"17":30,"18":5,"19":29,"20":5,"21":1596,"22":5,"23":1584,"24":5,"25":1596,"26":486,"27":5,"28":1,"29":5,"30":38,"31":38,"32":266,"33":266,"34":1596,"35":5,"36":330,"37":5,"38":9,"39":5,"40":9,"41":5,"42":15,"43":5,"44":9,"45":5,"46":5,"47":5,"48":38,"49":32,"50":32,"51":29,"52":29,"53":29,"54":29,"55":29,"56":29,"57":132,"58":29,"59":103,"60":38,"61":38,"62":38,"63":228,"64":228,"65":1596,"66":38,"67":38,"68":1596,"69":107,"70":82,"71":107,"72":73,"73":107,"74":98,"75":107,"76":25,"77":330,"78":278,"79":330,"80":330,"81":55,"82":55,"83":55,"84":3,"85":3,"86":3,"87":52,"88":275,"89":38,"90":1},"f":{"0":5,"1":6,"2":30,"3":29,"4":1596,"5":1584,"6":1596,"7":486,"8":1,"9":38,"10":330,"11":9,"12":9,"13":15,"14":9,"15":38,"16":32,"17":29,"18":38,"19":38,"20":1596,"21":330,"22":38},"b":{"0":[16,13],"1":[1596,1584],"2":[1584,1332,144],"3":[1596,126],"4":[486,54],"5":[5,4],"6":[29,3],"7":[32,30],"8":[29,103],"9":[132,103],"10":[35,3],"11":[107,1489],"12":[1596,142],"13":[82,25],"14":[73,34],"15":[107,82],"16":[98,9],"17":[25,82],"18":[107,25],"19":[278],"20":[278,52],"21":[55,275],"22":[330,330],"23":[3,52]}}
,"C:\\react\\stencil-connect-4\\src\\components\\mt-connect\\mt-connect-slot\\mt-connect-slot.tsx": {"path":"C:\\react\\stencil-connect-4\\src\\components\\mt-connect\\mt-connect-slot\\mt-connect-slot.tsx","statementMap":{"0":{"start":{"line":1,"column":0},"end":{"line":1,"column":78}},"1":{"start":{"line":15,"column":10},"end":{"line":15,"column":38}},"2":{"start":{"line":21,"column":10},"end":{"line":21,"column":65}},"3":{"start":{"line":21,"column":34},"end":{"line":21,"column":64}},"4":{"start":{"line":23,"column":10},"end":{"line":23,"column":75}},"5":{"start":{"line":23,"column":38},"end":{"line":23,"column":74}},"6":{"start":{"line":25,"column":10},"end":{"line":25,"column":74}},"7":{"start":{"line":25,"column":36},"end":{"line":25,"column":73}},"8":{"start":{"line":27,"column":10},"end":{"line":27,"column":null}},"9":{"start":{"line":27,"column":31},"end":{"line":27,"column":95}},"10":{"start":{"line":10,"column":4},"end":{"line":10,"column":59}},"11":{"start":{"line":30,"column":4},"end":{"line":32,"column":12}},"12":{"start":{"line":4,"column":0},"end":{"line":4,"column":null}}},"fnMap":{"0":{"name":"(anonymous_0)","decl":{"start":{"line":9,"column":2},"end":{"line":9,"column":null}},"loc":{"start":{"line":9,"column":2},"end":{"line":11,"column":null}}},"1":{"name":"(anonymous_1)","decl":{"start":{"line":21,"column":28},"end":{"line":21,"column":31}},"loc":{"start":{"line":21,"column":34},"end":{"line":21,"column":64}}},"2":{"name":"(anonymous_2)","decl":{"start":{"line":23,"column":32},"end":{"line":23,"column":35}},"loc":{"start":{"line":23,"column":38},"end":{"line":23,"column":74}}},"3":{"name":"(anonymous_3)","decl":{"start":{"line":25,"column":30},"end":{"line":25,"column":33}},"loc":{"start":{"line":25,"column":36},"end":{"line":25,"column":73}}},"4":{"name":"(anonymous_4)","decl":{"start":{"line":27,"column":25},"end":{"line":27,"column":28}},"loc":{"start":{"line":27,"column":31},"end":{"line":27,"column":95}}},"5":{"name":"(anonymous_5)","decl":{"start":{"line":29,"column":2},"end":{"line":29,"column":8}},"loc":{"start":{"line":29,"column":8},"end":{"line":33,"column":3}}}},"branchMap":{"0":{"loc":{"start":{"line":23,"column":58},"end":{"line":23,"column":60}},"type":"cond-expr","locations":[{"start":{"line":23,"column":58},"end":{"line":23,"column":60}},{"start":{"line":23,"column":63},"end":{"line":23,"column":74}}]},"1":{"loc":{"start":{"line":25,"column":58},"end":{"line":25,"column":60}},"type":"cond-expr","locations":[{"start":{"line":25,"column":58},"end":{"line":25,"column":60}},{"start":{"line":25,"column":63},"end":{"line":25,"column":73}}]}},"s":{"0":1,"1":4,"2":4,"3":1,"4":4,"5":7,"6":4,"7":7,"8":4,"9":7,"10":4,"11":7,"12":1},"f":{"0":4,"1":1,"2":7,"3":7,"4":7,"5":7},"b":{"0":[6,1],"1":[5,2]}}
,"C:\\react\\stencil-connect-4\\src\\helpers\\model.ts": {"path":"C:\\react\\stencil-connect-4\\src\\helpers\\model.ts","statementMap":{"0":{"start":{"line":1,"column":0},"end":{"line":1,"column":null}},"1":{"start":{"line":2,"column":2},"end":{"line":2,"column":null}},"2":{"start":{"line":3,"column":2},"end":{"line":3,"column":null}}},"fnMap":{"0":{"name":"(anonymous_0)","decl":{"start":{"line":1,"column":0},"end":{"line":1,"column":12}},"loc":{"start":{"line":1,"column":16},"end":{"line":4,"column":1}}}},"branchMap":{"0":{"loc":{"start":{"line":1,"column":12},"end":{"line":1,"column":16}},"type":"binary-expr","locations":[{"start":{"line":1,"column":12},"end":{"line":1,"column":16}},{"start":{"line":1,"column":12},"end":{"line":1,"column":null}}]}},"s":{"0":2,"1":2,"2":2},"f":{"0":2},"b":{"0":[2,2]}}
}
