TN:
SF:src\components\mt-connect\mt-connect.tsx
FN:23,(anonymous_1)
FN:33,(anonymous_2)
FN:68,(anonymous_3)
FN:70,(anonymous_4)
FN:72,(anonymous_5)
FN:74,(anonymous_6)
FN:79,(anonymous_7)
FN:80,(anonymous_8)
FN:98,(anonymous_9)
FN:120,(anonymous_10)
FN:181,(anonymous_11)
FN:184,(anonymous_12)
FN:185,(anonymous_13)
FN:186,(anonymous_14)
FN:188,(anonymous_15)
FN:29,(anonymous_16)
FN:41,(anonymous_17)
FN:58,(anonymous_18)
FN:82,(anonymous_19)
FN:106,(anonymous_20)
FN:128,(anonymous_21)
FN:145,(anonymous_22)
FN:190,(anonymous_23)
FNF:23
FNH:23
FNDA:5,(anonymous_1)
FNDA:6,(anonymous_2)
FNDA:30,(anonymous_3)
FNDA:29,(anonymous_4)
FNDA:1596,(anonymous_5)
FNDA:1584,(anonymous_6)
FNDA:1596,(anonymous_7)
FNDA:486,(anonymous_8)
FNDA:1,(anonymous_9)
FNDA:38,(anonymous_10)
FNDA:330,(anonymous_11)
FNDA:9,(anonymous_12)
FNDA:9,(anonymous_13)
FNDA:15,(anonymous_14)
FNDA:9,(anonymous_15)
FNDA:38,(anonymous_16)
FNDA:32,(anonymous_17)
FNDA:29,(anonymous_18)
FNDA:38,(anonymous_19)
FNDA:38,(anonymous_20)
FNDA:1596,(anonymous_21)
FNDA:330,(anonymous_22)
FNDA:38,(anonymous_23)
DA:1,1
DA:2,1
DA:3,1
DA:6,1
DA:12,5
DA:13,5
DA:15,5
DA:17,5
DA:18,5
DA:19,5
DA:21,5
DA:24,5
DA:25,5
DA:26,5
DA:30,38
DA:33,5
DA:34,6
DA:35,6
DA:36,42
DA:38,6
DA:42,32
DA:43,32
DA:44,29
DA:45,29
DA:49,29
DA:50,29
DA:59,29
DA:60,29
DA:61,132
DA:62,29
DA:64,103
DA:68,30
DA:70,29
DA:72,1596
DA:74,5
DA:75,1584
DA:79,1596
DA:80,486
DA:83,38
DA:84,38
DA:85,228
DA:86,1596
DA:95,38
DA:98,5
DA:107,38
DA:120,5
DA:121,38
DA:122,266
DA:123,1596
DA:129,1596
DA:130,107
DA:131,82
DA:133,107
DA:134,73
DA:136,107
DA:137,98
DA:139,107
DA:140,25
DA:153,330
DA:154,278
DA:156,330
DA:157,330
DA:158,55
DA:159,55
DA:160,55
DA:162,3
DA:166,3
DA:167,3
DA:169,52
DA:178,275
DA:181,5
DA:182,330
DA:184,9
DA:185,9
DA:186,15
DA:188,9
DA:191,38
LF:77
LH:77
BRDA:70,0,0,16
BRDA:70,0,1,13
BRDA:72,1,0,1596
BRDA:72,1,1,1584
BRDA:75,2,0,1584
BRDA:75,2,1,1332
BRDA:75,2,2,144
BRDA:79,3,0,1596
BRDA:79,3,1,126
BRDA:80,4,0,486
BRDA:80,4,1,54
BRDA:188,5,0,5
BRDA:188,5,1,4
BRDA:43,6,0,29
BRDA:43,6,1,3
BRDA:43,7,0,32
BRDA:43,7,1,30
BRDA:61,8,0,29
BRDA:61,8,1,103
BRDA:61,9,0,132
BRDA:61,9,1,103
BRDA:107,10,0,35
BRDA:107,10,1,3
BRDA:129,11,0,107
BRDA:129,11,1,1489
BRDA:129,12,0,1596
BRDA:129,12,1,142
BRDA:130,13,0,82
BRDA:130,13,1,25
BRDA:133,14,0,73
BRDA:133,14,1,34
BRDA:133,15,0,107
BRDA:133,15,1,82
BRDA:136,16,0,98
BRDA:136,16,1,9
BRDA:139,17,0,25
BRDA:139,17,1,82
BRDA:139,18,0,107
BRDA:139,18,1,25
BRDA:152,19,0,278
BRDA:153,20,0,278
BRDA:153,20,1,52
BRDA:157,21,0,55
BRDA:157,21,1,275
BRDA:157,22,0,330
BRDA:157,22,1,330
BRDA:160,23,0,3
BRDA:160,23,1,52
BRF:48
BRH:48
end_of_record
TN:
SF:src\components\mt-connect\mt-connect-slot\mt-connect-slot.tsx
FN:9,(anonymous_0)
FN:21,(anonymous_1)
FN:23,(anonymous_2)
FN:25,(anonymous_3)
FN:27,(anonymous_4)
FN:29,(anonymous_5)
FNF:6
FNH:6
FNDA:4,(anonymous_0)
FNDA:1,(anonymous_1)
FNDA:7,(anonymous_2)
FNDA:7,(anonymous_3)
FNDA:7,(anonymous_4)
FNDA:7,(anonymous_5)
DA:1,1
DA:4,1
DA:10,4
DA:15,4
DA:21,4
DA:23,7
DA:25,7
DA:27,7
DA:30,7
LF:9
LH:9
BRDA:23,0,0,6
BRDA:23,0,1,1
BRDA:25,1,0,5
BRDA:25,1,1,2
BRF:4
BRH:4
end_of_record
TN:
SF:src\helpers\model.ts
FN:1,(anonymous_0)
FNF:1
FNH:1
FNDA:2,(anonymous_0)
DA:1,2
DA:2,2
DA:3,2
LF:3
LH:3
BRDA:1,0,0,2
BRDA:1,0,1,2
BRF:2
BRH:2
end_of_record
